[2015-04-08 16:40:28] START
[2015-04-17 19:33:49] EDIT ne/models/db.py: 5
[2015-04-17 19:37:57] EDIT ne/models/db2.py: -5
[2015-04-17 19:38:21] EDIT ne/models/db2.py: 4
[2015-04-17 19:38:27] EDIT ne/models/db2.py: 0
[2015-04-17 19:38:44] EDIT ne/models/db.py: -5
[2015-04-17 19:40:47] EDIT ne/models/db2.py: -8
[2015-04-17 19:41:16] EDIT ne/models/db.py: 5
[2015-04-17 19:42:15] EDIT ne/models/db.py: 0
[2015-04-27 01:09:58] EDIT ne/models/db.py: 1
[2015-05-01 16:37:52] EDIT ne/models/db2.py: 1
[2015-05-01 16:39:08] EDIT ne/models/db2.py: 1
[2015-05-01 16:39:57] EDIT ne/models/db2.py: 0
[2015-05-01 16:45:28] EDIT ne/models/db2.py: -1
[2015-05-01 17:12:58] EDIT ne/models/db2.py: 0
[2015-05-01 17:41:49] EDIT ne/models/db2.py: 0
[2015-05-01 17:42:36] EDIT ne/models/db2.py: 1
[2015-05-01 17:44:14] EDIT ne/models/db2.py: 0
[2015-05-01 17:50:33] EDIT ne/models/db2.py: 1
[2015-05-01 17:54:56] EDIT ne/models/db2.py: 0
[2015-05-01 17:56:06] EDIT ne/models/db2.py: 0
[2015-05-01 17:56:32] EDIT ne/models/db2.py: 0
[2015-05-01 17:56:48] EDIT ne/models/db2.py: 0
[2015-05-01 18:11:47] EDIT ne/models/db2.py: 0
[2015-05-01 18:12:13] EDIT ne/models/db2.py: 0
[2015-05-01 18:12:22] EDIT ne/models/db2.py: 0
[2015-05-02 01:04:37] EDIT ne/models/db.py: 0
[2015-05-02 01:04:39] EDIT ne/models/db.py: 0
[2015-05-02 01:04:43] EDIT ne/models/db.py: 0
[2015-05-02 01:04:46] EDIT ne/models/db.py: 0
[2015-05-02 01:05:20] EDIT ne/models/db.py: 0
[2015-05-02 01:05:43] EDIT ne/models/db.py: 0
[2015-05-02 01:05:46] EDIT ne/models/db.py: 0
[2015-05-02 01:19:50] EDIT ne/models/db2.py: 1
[2015-05-02 01:19:59] EDIT ne/models/db2.py: 0
[2015-05-02 01:20:06] EDIT ne/models/db2.py: 1
[2015-05-02 01:20:33] EDIT ne/models/db2.py: 0
[2015-05-02 01:20:58] EDIT ne/models/db2.py: 0
[2015-05-02 01:21:08] EDIT ne/models/db2.py: 0
[2015-05-02 01:21:11] EDIT ne/models/db2.py: 0
[2015-05-02 01:24:09] EDIT ne/models/db2.py: 1
[2015-05-02 01:24:12] EDIT ne/models/db2.py: 0
[2015-05-02 01:24:23] EDIT ne/models/db2.py: 3
[2015-05-02 01:24:25] EDIT ne/models/db2.py: 3
[2015-05-02 01:24:30] EDIT ne/models/db2.py: 3
[2015-05-02 01:24:36] EDIT ne/models/db2.py: 0
[2015-05-02 01:25:59] EDIT ne/models/db2.py: 0
[2015-05-02 01:26:02] EDIT ne/models/db2.py: 0
[2015-05-02 01:26:04] EDIT ne/models/db2.py: 0
[2015-05-02 01:26:28] EDIT ne/models/db2.py: 0
[2015-05-02 01:26:39] EDIT ne/models/db2.py: 0
[2015-05-02 01:26:50] EDIT ne/models/db2.py: 0
[2015-05-02 01:26:52] EDIT ne/models/db2.py: 0
[2015-05-02 01:27:25] EDIT ne/models/db2.py: 0
[2015-05-02 01:27:34] EDIT ne/models/db2.py: 0
[2015-05-02 01:27:54] EDIT ne/models/db2.py: 0
[2015-05-02 01:28:28] EDIT ne/models/db2.py: 0
[2015-05-02 01:28:35] EDIT ne/models/db2.py: 0
[2015-05-02 01:29:09] EDIT ne/models/db2.py: 0
[2015-05-02 01:29:15] EDIT ne/models/db2.py: 0
[2015-05-02 01:29:20] EDIT ne/models/db2.py: 0
[2015-05-02 01:29:35] EDIT ne/models/db2.py: 0
[2015-05-02 01:33:29] EDIT ne/models/db2.py: 0
[2015-05-02 01:33:39] EDIT ne/models/db2.py: 0
[2015-05-02 05:17:25] EDIT ne/models/db2.py: 0
[2015-05-02 05:17:43] EDIT ne/models/db2.py: 0
[2015-05-02 14:39:26] EDIT ne/models/db2.py: 0
[2015-05-02 14:39:53] EDIT ne/models/db2.py: 0
[2015-05-02 14:47:28] EDIT ne/models/db2.py: 0
[2015-05-02 14:49:17] EDIT ne/models/db2.py: 0
[2015-05-02 14:49:24] EDIT ne/models/db2.py: 0
[2015-05-02 14:49:53] EDIT ne/models/db2.py: 0
[2015-05-02 14:49:57] EDIT ne/models/db2.py: 0
[2015-05-02 14:51:32] EDIT ne/models/db2.py: 0
[2015-05-02 14:55:28] EDIT ne/models/db2.py: 0
[2015-05-02 14:56:54] EDIT ne/models/db2.py: 0
[2015-05-02 14:57:46] EDIT ne/models/db2.py: 0
[2015-05-02 14:58:14] EDIT ne/models/db2.py: 0
[2015-05-02 15:00:59] EDIT ne/models/db2.py: 0
[2015-05-02 15:01:53] EDIT ne/models/db2.py: 1
[2015-05-02 15:02:07] EDIT ne/models/db2.py: 0
[2015-05-02 15:02:18] EDIT ne/models/db2.py: -1
[2015-05-02 15:02:57] EDIT ne/models/db2.py: 0
[2015-05-02 15:21:28] EDIT ne/models/db2.py: 0
[2015-05-02 15:25:22] EDIT ne/models/db2.py: 0
[2015-05-02 16:59:58] EDIT ne/models/db2.py: 0
[2015-05-02 17:00:15] EDIT ne/models/db2.py: 0
[2015-05-02 17:00:24] EDIT ne/models/db2.py: 0
[2015-05-02 17:00:47] EDIT ne/models/db2.py: 0
[2015-05-02 17:01:08] EDIT ne/models/db2.py: 0
[2015-05-02 17:01:25] EDIT ne/models/db2.py: 0
[2015-05-02 17:13:38] EDIT ne/models/db2.py: 0
[2015-05-02 17:13:40] EDIT ne/models/db2.py: 0
[2015-05-02 17:13:43] EDIT ne/models/db2.py: 0
[2015-05-02 17:14:06] EDIT ne/models/db2.py: 0
[2015-05-02 17:21:55] EDIT ne/models/db2.py: 0
[2015-05-02 17:22:50] EDIT ne/models/db2.py: 0
[2015-05-02 17:23:13] EDIT ne/models/db2.py: 0
[2015-05-02 17:27:02] EDIT ne/models/db2.py: 0
[2015-05-02 17:27:10] EDIT ne/models/db2.py: 0
[2015-05-02 17:32:28] EDIT ne/models/db2.py: 0
[2015-05-02 17:33:40] EDIT ne/models/db2.py: 0
[2015-05-02 17:56:03] EDIT ne/models/db2.py: 0
[2015-05-02 17:58:16] EDIT ne/models/db2.py: 0
[2015-05-02 17:58:26] EDIT ne/models/db2.py: -3
[2015-05-02 17:59:23] EDIT ne/models/db2.py: 0
[2015-05-02 18:15:07] EDIT ne/models/db2.py: 0
[2015-05-02 18:15:15] EDIT ne/models/db2.py: 0
[2015-05-02 18:15:23] EDIT ne/models/db2.py: 0
[2015-05-02 18:15:39] EDIT ne/models/db2.py: 0
[2015-05-02 18:26:13] EDIT ne/models/db2.py: 0
[2015-05-02 18:39:32] EDIT ne/models/db.py: 0
[2015-05-02 18:40:35] EDIT ne/models/db.py: 1
[2015-05-02 18:40:43] EDIT ne/models/db.py: 0
[2015-05-02 18:40:49] EDIT ne/models/db.py: 0
[2015-05-02 18:41:09] EDIT ne/models/db.py: 0
[2015-05-02 18:41:14] EDIT ne/models/db.py: 0
[2015-05-02 18:49:40] EDIT ne/models/db2.py: 3
[2015-05-02 19:11:09] EDIT ne/models/db2.py: 3
[2015-05-02 19:11:15] EDIT ne/models/db2.py: 0
[2015-05-02 19:11:20] EDIT ne/models/db2.py: 0
[2015-05-02 19:11:25] EDIT ne/models/db2.py: 3
[2015-05-02 19:11:29] EDIT ne/models/db2.py: 0
[2015-05-02 19:11:45] EDIT ne/models/db2.py: 0
[2015-05-02 19:31:33] EDIT ne/models/db2.py: 3
[2015-05-02 19:31:37] EDIT ne/models/db2.py: 0
[2015-05-02 19:34:40] EDIT ne/models/db2.py: 3
[2015-05-02 19:34:43] EDIT ne/models/db2.py: 0
[2015-05-02 19:59:15] EDIT ne/models/db2.py: 0
[2015-05-02 19:59:18] EDIT ne/models/db2.py: 0
[2015-05-02 19:59:36] EDIT ne/models/db2.py: 0
[2015-05-02 19:59:43] EDIT ne/models/db2.py: 0
[2015-05-02 20:00:03] EDIT ne/models/db2.py: 0
